<?xml version="1.0" encoding="UTF-8"?>
<testsuite xmlns:xsi="http://www.w3.org/2001/XMLSchema-instance" xsi:noNamespaceSchemaLocation="https://maven.apache.org/surefire/maven-surefire-plugin/xsd/surefire-test-report-3.0.xsd" version="3.0" name="com.scms.ScmsApplicationTests" time="3.43" tests="1" errors="0" skipped="0" failures="0">
  <properties>
[...]
</properties>
  <testcase name="contextLoads" classname="com.scms.ScmsApplicationTests" time="0.221">
    <system-out><![CDATA[11:58:38.610 [main] INFO org.springframework.test.context.support.AnnotationConfigContextLoaderUtils -- Could not detect default configuration classes for test class [com.scms.ScmsApplicationTests]: ScmsApplicationTests does not declare any static, non-private, non-final, nested classes annotated with @Configuration.
11:58:38.651 [main] INFO org.springframework.boot.test.context.SpringBootTestContextBootstrapper -- Found @SpringBootConfiguration com.scms.ScmsApplication for test class com.scms.ScmsApplicationTests

  .   ____          _            __ _ _
 /\\ / ___'_ __ _ _(_)_ __  __ _ \ \ \ \
( ( )\___ | '_ | '_| | '_ \/ _` | \ \ \ \
 \\/  ___)| |_)| | | | | || (_| |  ) ) ) )
  '  |____| .__|_| |_|_| |_\__, | / / / /
 =========|_|==============|___/=/_/_/_/

 :: Spring Boot ::                (v3.5.4)

2025-08-17T11:58:38.789+03:00  INFO 25540 --- [           main] com.scms.ScmsApplicationTests            : Starting ScmsApplicationTests using Java 24.0.1 with PID 25540 (started by mohamedraslan in /Users/mohamedraslan/cursor_projects/Uni/major_task__student_course_management_system)
2025-08-17T11:58:38.789+03:00 DEBUG 25540 --- [           main] com.scms.ScmsApplicationTests            : Running with Spring Boot v3.5.4, Spring v6.2.9
2025-08-17T11:58:38.789+03:00  INFO 25540 --- [           main] com.scms.ScmsApplicationTests            : No active profile set, falling back to 1 default profile: "default"
2025-08-17T11:58:39.074+03:00  INFO 25540 --- [           main] .s.d.r.c.RepositoryConfigurationDelegate : Bootstrapping Spring Data JPA repositories in DEFAULT mode.
2025-08-17T11:58:39.099+03:00  INFO 25540 --- [           main] .s.d.r.c.RepositoryConfigurationDelegate : Finished Spring Data repository scanning in 21 ms. Found 6 JPA repository interfaces.
2025-08-17T11:58:39.381+03:00  INFO 25540 --- [           main] o.hibernate.jpa.internal.util.LogHelper  : HHH000204: Processing PersistenceUnitInfo [name: default]
2025-08-17T11:58:39.401+03:00  INFO 25540 --- [           main] org.hibernate.Version                    : HHH000412: Hibernate ORM core version 6.6.22.Final
2025-08-17T11:58:39.412+03:00  INFO 25540 --- [           main] o.h.c.internal.RegionFactoryInitiator    : HHH000026: Second-level cache disabled
2025-08-17T11:58:39.514+03:00  INFO 25540 --- [           main] o.s.o.j.p.SpringPersistenceUnitInfo      : No LoadTimeWeaver setup: ignoring JPA class transformer
2025-08-17T11:58:39.528+03:00  INFO 25540 --- [           main] com.zaxxer.hikari.HikariDataSource       : HikariPool-1 - Starting...
2025-08-17T11:58:39.589+03:00  INFO 25540 --- [           main] com.zaxxer.hikari.pool.HikariPool        : HikariPool-1 - Added connection conn0: url=jdbc:h2:mem:scmsdb user=SA
2025-08-17T11:58:39.590+03:00  INFO 25540 --- [           main] com.zaxxer.hikari.HikariDataSource       : HikariPool-1 - Start completed.
2025-08-17T11:58:39.600+03:00  WARN 25540 --- [           main] org.hibernate.orm.deprecation            : HHH90000025: H2Dialect does not need to be specified explicitly using 'hibernate.dialect' (remove the property setting and it will be selected by default)
2025-08-17T11:58:39.607+03:00  INFO 25540 --- [           main] org.hibernate.orm.connections.pooling    : HHH10001005: Database info:
	Database JDBC URL [Connecting through datasource 'HikariDataSource (HikariPool-1)']
	Database driver: undefined/unknown
	Database version: 2.3.232
	Autocommit mode: undefined/unknown
	Isolation level: undefined/unknown
	Minimum pool size: undefined/unknown
	Maximum pool size: undefined/unknown
2025-08-17T11:58:40.014+03:00  INFO 25540 --- [           main] o.h.e.t.j.p.i.JtaPlatformInitiator       : HHH000489: No JTA platform available (set 'hibernate.transaction.jta.platform' to enable JTA platform integration)
Hibernate: 
    drop table if exists administrators cascade 
Hibernate: 
    drop table if exists courses cascade 
Hibernate: 
    drop table if exists enrollments cascade 
Hibernate: 
    drop table if exists grades cascade 
Hibernate: 
    drop table if exists notifications cascade 
Hibernate: 
    drop table if exists students cascade 
Hibernate: 
    create table administrators (
        id bigint generated by default as identity,
        email varchar(255) not null unique,
        name varchar(255) not null,
        password varchar(255) not null,
        primary key (id)
    )
Hibernate: 
    create table courses (
        capacity integer not null check (capacity>=1),
        id bigint generated by default as identity,
        description TEXT,
        prerequisites varchar(255) not null,
        title varchar(255) not null,
        primary key (id)
    )
Hibernate: 
    create table enrollments (
        course_id bigint not null,
        enrollment_date timestamp(6) not null,
        id bigint generated by default as identity,
        student_id bigint not null,
        status enum ('ACTIVE','COMPLETED','WITHDRAWN') not null,
        primary key (id)
    )
Hibernate: 
    create table grades (
        score numeric(5,2) not null,
        course_id bigint not null,
        id bigint generated by default as identity,
        recorded_date timestamp(6) not null,
        student_id bigint not null,
        comments varchar(255),
        primary key (id)
    )
Hibernate: 
    create table notifications (
        read boolean not null,
        id bigint generated by default as identity,
        recipient_id bigint not null,
        sent_date timestamp(6) not null,
        message varchar(255) not null,
        type enum ('COURSE_UPDATE','ENROLLMENT','GRADE_UPDATE','SYSTEM','WITHDRAWAL') not null,
        primary key (id)
    )
Hibernate: 
    create table students (
        id bigint generated by default as identity,
        email varchar(255) not null unique,
        name varchar(255) not null,
        password varchar(255) not null,
        primary key (id)
    )
Hibernate: 
    alter table if exists enrollments 
       add constraint FKho8mcicp4196ebpltdn9wl6co 
       foreign key (course_id) 
       references courses
Hibernate: 
    alter table if exists enrollments 
       add constraint FK8kf1u1857xgo56xbfmnif2c51 
       foreign key (student_id) 
       references students
Hibernate: 
    alter table if exists grades 
       add constraint FKox7bxu57m6gpmeeyj38rfrdw9 
       foreign key (course_id) 
       references courses
Hibernate: 
    alter table if exists grades 
       add constraint FK13a16545m7vvrcspc999r15s9 
       foreign key (student_id) 
       references students
Hibernate: 
    alter table if exists notifications 
       add constraint FKbidwua7j2wct5moxe2q4aar6y 
       foreign key (recipient_id) 
       references students
2025-08-17T11:58:40.036+03:00  INFO 25540 --- [           main] j.LocalContainerEntityManagerFactoryBean : Initialized JPA EntityManagerFactory for persistence unit 'default'
2025-08-17T11:58:40.245+03:00  INFO 25540 --- [           main] o.s.d.j.r.query.QueryEnhancerFactory     : Hibernate is in classpath; If applicable, HQL parser will be used.
2025-08-17T11:58:40.885+03:00  WARN 25540 --- [           main] JpaBaseConfiguration$JpaWebConfiguration : spring.jpa.open-in-view is enabled by default. Therefore, database queries may be performed during view rendering. Explicitly configure spring.jpa.open-in-view to disable this warning
2025-08-17T11:58:40.909+03:00  INFO 25540 --- [           main] o.s.b.a.w.s.WelcomePageHandlerMapping    : Adding welcome page template: index
2025-08-17T11:58:41.059+03:00  WARN 25540 --- [           main] .s.s.UserDetailsServiceAutoConfiguration : 

Using generated security password: 0ff042ea-2951-464e-a88e-0eee28e7bcdd

This generated password is for development use only. Your security configuration must be updated before running your application in production.

2025-08-17T11:58:41.068+03:00  INFO 25540 --- [           main] r$InitializeUserDetailsManagerConfigurer : Global AuthenticationManager configured with UserDetailsService bean with name inMemoryUserDetailsManager
2025-08-17T11:58:41.140+03:00 DEBUG 25540 --- [           main] o.s.s.web.DefaultSecurityFilterChain     : Will secure any request with filters: DisableEncodeUrlFilter, WebAsyncManagerIntegrationFilter, SecurityContextHolderFilter, HeaderWriterFilter, CsrfFilter, LogoutFilter, UsernamePasswordAuthenticationFilter, RequestCacheAwareFilter, SecurityContextHolderAwareRequestFilter, AnonymousAuthenticationFilter, ExceptionTranslationFilter, AuthorizationFilter
2025-08-17T11:58:41.363+03:00  INFO 25540 --- [           main] o.s.b.a.h2.H2ConsoleAutoConfiguration    : H2 console available at '/h2-console'. Database available at 'jdbc:h2:mem:scmsdb'
2025-08-17T11:58:41.437+03:00  INFO 25540 --- [           main] com.scms.ScmsApplicationTests            : Started ScmsApplicationTests in 2.74 seconds (process running for 3.105)
Hibernate: 
    select
        count(*) 
    from
        administrators a1_0
Hibernate: 
    insert 
    into
        administrators
        (email, name, password, id) 
    values
        (?, ?, ?, default)
Hibernate: 
    select
        count(*) 
    from
        students s1_0
Hibernate: 
    insert 
    into
        students
        (email, name, password, id) 
    values
        (?, ?, ?, default)
Hibernate: 
    insert 
    into
        students
        (email, name, password, id) 
    values
        (?, ?, ?, default)
Hibernate: 
    insert 
    into
        students
        (email, name, password, id) 
    values
        (?, ?, ?, default)
Hibernate: 
    select
        count(*) 
    from
        courses c1_0
Hibernate: 
    insert 
    into
        courses
        (capacity, description, prerequisites, title, id) 
    values
        (?, ?, ?, ?, default)
Hibernate: 
    insert 
    into
        courses
        (capacity, description, prerequisites, title, id) 
    values
        (?, ?, ?, ?, default)
Hibernate: 
    insert 
    into
        courses
        (capacity, description, prerequisites, title, id) 
    values
        (?, ?, ?, ?, default)
Hibernate: 
    insert 
    into
        courses
        (capacity, description, prerequisites, title, id) 
    values
        (?, ?, ?, ?, default)
Hibernate: 
    insert 
    into
        courses
        (capacity, description, prerequisites, title, id) 
    values
        (?, ?, ?, ?, default)
]]></system-out>
    <system-err><![CDATA[Mockito is currently self-attaching to enable the inline-mock-maker. This will no longer work in future releases of the JDK. Please add Mockito as an agent to your build as described in Mockito's documentation: https://javadoc.io/doc/org.mockito/mockito-core/latest/org.mockito/org/mockito/Mockito.html#0.3
WARNING: A Java agent has been loaded dynamically (/Users/mohamedraslan/.m2/repository/net/bytebuddy/byte-buddy-agent/1.17.6/byte-buddy-agent-1.17.6.jar)
WARNING: If a serviceability tool is in use, please run with -XX:+EnableDynamicAgentLoading to hide this warning
WARNING: If a serviceability tool is not in use, please run with -Djdk.instrument.traceUsage for more information
WARNING: Dynamic loading of agents will be disallowed by default in a future release
]]></system-err>
  </testcase>
</testsuite>